PS C:\Users\XRSpecial\gigapose-1> python test.py test_dataset_name=tless run_id=$NAME_RUN
[2024-08-21 11:17:32,787][__main__][INFO] - Initializing logger, callbacks and trainer
[2024-08-21 11:17:32,789][__main__][INFO] - Tensorboard logger initialized at ./gigaPose_datasets/results/large_/gigapose
Error executing job with overrides: ['test_dataset_name=tless', 'run_id=']
Traceback (most recent call last):
  File "C:\Users\XRSpecial\miniconda3\envs\gigapose\lib\site-packages\hydra\_internal\instantiate\_instantiate2.py", line 92, in _call_target
    return _target_(*args, **kwargs)
  File "C:\Users\XRSpecial\miniconda3\envs\gigapose\lib\site-packages\pytorch_lightning\utilities\argparse.py", line 70, in insert_env_defaults
    return fn(self, **kwargs)
  File "C:\Users\XRSpecial\miniconda3\envs\gigapose\lib\site-packages\pytorch_lightning\trainer\trainer.py", line 400, in __init__
    self._accelerator_connector = _AcceleratorConnector(
  File "C:\Users\XRSpecial\miniconda3\envs\gigapose\lib\site-packages\pytorch_lightning\trainer\connectors\accelerator_connector.py", line 130, in __init__
    self._check_config_and_set_final_flags(
  File "C:\Users\XRSpecial\miniconda3\envs\gigapose\lib\site-packages\pytorch_lightning\trainer\connectors\accelerator_connector.py", line 193, in _check_config_and_set_final_flags
    raise ValueError(
ValueError: You selected an invalid strategy name: `strategy=None`. It must be either a string or an instance of `pytorch_lightning.strategies.Strategy`. Example choices: auto, ddp, ddp_spawn, deepspeed, ... Find a complete list of options in our documentation at https://lightning.ai

The above exception was the direct cause of the following exception:

Traceback (most recent call last):
  File "C:\Users\XRSpecial\gigapose-1\test.py", line 87, in <module>
    run_test()
  File "C:\Users\XRSpecial\miniconda3\envs\gigapose\lib\site-packages\hydra\main.py", line 94, in decorated_main
    _run_hydra(
  File "C:\Users\XRSpecial\miniconda3\envs\gigapose\lib\site-packages\hydra\_internal\utils.py", line 394, in _run_hydra
    _run_app(
  File "C:\Users\XRSpecial\miniconda3\envs\gigapose\lib\site-packages\hydra\_internal\utils.py", line 457, in _run_app
    run_and_report(
  File "C:\Users\XRSpecial\miniconda3\envs\gigapose\lib\site-packages\hydra\_internal\utils.py", line 223, in run_and_report
    raise ex
  File "C:\Users\XRSpecial\miniconda3\envs\gigapose\lib\site-packages\hydra\_internal\utils.py", line 220, in run_and_report
    return func()
  File "C:\Users\XRSpecial\miniconda3\envs\gigapose\lib\site-packages\hydra\_internal\utils.py", line 458, in <lambda>
    lambda: hydra.run(
  File "C:\Users\XRSpecial\miniconda3\envs\gigapose\lib\site-packages\hydra\_internal\hydra.py", line 132, in run
    _ = ret.return_value
  File "C:\Users\XRSpecial\miniconda3\envs\gigapose\lib\site-packages\hydra\core\utils.py", line 260, in return_value
    raise self._return_value
  File "C:\Users\XRSpecial\miniconda3\envs\gigapose\lib\site-packages\hydra\core\utils.py", line 186, in run_job
    ret.return_value = task_function(task_cfg)
  File "C:\Users\XRSpecial\gigapose-1\test.py", line 43, in run_test
    trainer = instantiate(cfg_trainer)
  File "C:\Users\XRSpecial\miniconda3\envs\gigapose\lib\site-packages\hydra\_internal\instantiate\_instantiate2.py", line 226, in instantiate
    return instantiate_node(
  File "C:\Users\XRSpecial\miniconda3\envs\gigapose\lib\site-packages\hydra\_internal\instantiate\_instantiate2.py", line 347, in instantiate_node
    return _call_target(_target_, partial, args, kwargs, full_key)
  File "C:\Users\XRSpecial\miniconda3\envs\gigapose\lib\site-packages\hydra\_internal\instantiate\_instantiate2.py", line 97, in _call_target
    raise InstantiationException(msg) from e
hydra.errors.InstantiationException: Error in call to target 'pytorch_lightning.trainer.trainer.Trainer':
ValueError('You selected an invalid strategy name: `strategy=None`. It must be either a string or an instance of `pytorch_lightning.strategies.Strategy`. Example choices: auto, ddp, ddp_spawn, deepspeed, ... Find a complete list of options in our documentation at https://lightning.ai')
full_key: machine.trainer
PS C:\Users\XRSpecial\gigapose-1>
